  debug.c
  dns.c
D:\DNS\DNS\dns.c(27,23): warning C4244: “初始化”: 从“u_short”转换到“uint8_t”，可能丢失数据
D:\DNS\DNS\dns.c(45,23): warning C4267: “=”: 从“size_t”转换到“uint16_t”，可能丢失数据
D:\DNS\DNS\dns.c(57,28): warning C4267: “=”: 从“size_t”转换到“uint16_t”，可能丢失数据
D:\DNS\DNS\dns.c(58,28): warning C4267: “=”: 从“size_t”转换到“uint16_t”，可能丢失数据
D:\DNS\DNS\dns.c(59,28): warning C4267: “=”: 从“size_t”转换到“uint16_t”，可能丢失数据
D:\DNS\DNS\dns.c(60,28): warning C4267: “=”: 从“size_t”转换到“uint16_t”，可能丢失数据
D:\DNS\DNS\dns.c(63,9): warning C4013: “print_header”未定义；假设外部返回 int
D:\DNS\DNS\dns.c(47,20): warning C4267: “初始化”: 从“size_t”转换到“uint16_t”，可能丢失数据
D:\DNS\DNS\dns.c(116,21): warning C4267: “=”: 从“size_t”转换到“uint16_t”，可能丢失数据
D:\DNS\DNS\dns.c(117,22): warning C4267: “=”: 从“size_t”转换到“uint16_t”，可能丢失数据
D:\DNS\DNS\dns.c(123,13): warning C4013: “print_question”未定义；假设外部返回 int
D:\DNS\DNS\dns.c(156,19): warning C4267: “=”: 从“size_t”转换到“uint16_t”，可能丢失数据
D:\DNS\DNS\dns.c(157,23): warning C4267: “=”: 从“size_t”转换到“uint16_t”，可能丢失数据
D:\DNS\DNS\dns.c(158,18): warning C4267: “=”: 从“size_t”转换到“uint32_t”，可能丢失数据
D:\DNS\DNS\dns.c(159,24): warning C4267: “=”: 从“size_t”转换到“uint16_t”，可能丢失数据
D:\DNS\DNS\dns.c(165,50): warning C4267: “=”: 从“size_t”转换到“uint8_t”，可能丢失数据
D:\DNS\DNS\dns.c(177,13): warning C4013: “print_answer”未定义；假设外部返回 int
D:\DNS\DNS\dns.c(240,58): warning C4554: “<<”: 检查运算符优先级是否存在的可能的错误；使用括号阐明优先级
D:\DNS\DNS\dns.c(241,19): warning C4133: “初始化”: 从“uint8_t *”到“uint16_t *”的类型不兼容
D:\DNS\DNS\dns.c(326,7): warning C4133: “=”: 从“DNS_resource_record *”到“dns_question *”的类型不兼容
  main.c
  server.c
D:\DNS\DNS\server.c(20,19): warning C4244: “=”: 从“SOCKET”转换到“int”，可能丢失数据
D:\DNS\DNS\server.c(22,19): warning C4244: “=”: 从“SOCKET”转换到“int”，可能丢失数据
D:\DNS\DNS\server.c(164,23): warning C4244: “初始化”: 从“__int64”转换到“int”，可能丢失数据
D:\DNS\DNS\server.c(196,28): warning C4101: “ca”: 未引用的局部变量
  struct.c
D:\DNS\DNS\struct.c(205,53): warning C4244: “=”: 从“time_t”转换到“int”，可能丢失数据
  cmd.c
  正在生成代码...
D:\DNS\DNS\dns.c(23): warning C4715: “get_bits”: 不是所有的控件路径都返回值
  DNS.vcxproj -> D:\DNS\x64\Debug\DNS.exe
